This file contains any messages produced by compilers while
running configure, to aid debugging if configure makes a mistake.

It was created by libmemcached configure 0.32, which was
generated by GNU Autoconf 2.63.  Invocation command line was

  $ ./configure 

## --------- ##
## Platform. ##
## --------- ##

hostname = localhost.localdomain
uname -m = x86_64
uname -r = 2.6.32-431.el6.x86_64
uname -s = Linux
uname -v = #1 SMP Fri Nov 22 03:15:09 UTC 2013

/usr/bin/uname -p = unknown
/bin/uname -X     = unknown

/bin/arch              = x86_64
/usr/bin/arch -k       = unknown
/usr/convex/getsysinfo = unknown
/usr/bin/hostinfo      = unknown
/bin/machine           = unknown
/usr/bin/oslevel       = unknown
/bin/universe          = unknown

PATH: /mydisk/workspace/venv/bin
PATH: /usr/lib64/qt-3.3/bin
PATH: /usr/local/sbin
PATH: /usr/sbin
PATH: /sbin
PATH: /usr/local/bin
PATH: /usr/bin
PATH: /bin
PATH: /root/bin


## ----------- ##
## Core tests. ##
## ----------- ##

configure:2165: checking build system type
configure:2183: result: x86_64-unknown-linux-gnu
configure:2205: checking host system type
configure:2220: result: x86_64-unknown-linux-gnu
configure:2258: checking for a BSD-compatible install
configure:2326: result: /usr/bin/install -c
configure:2337: checking whether build environment is sane
configure:2397: result: yes
configure:2538: checking for a thread-safe mkdir -p
configure:2577: result: /bin/mkdir -p
configure:2590: checking for gawk
configure:2606: found /usr/bin/gawk
configure:2617: result: gawk
configure:2628: checking whether make sets $(MAKE)
configure:2650: result: yes
configure:2680: checking for style of include used by make
configure:2708: result: GNU
configure:2778: checking for gcc
configure:2794: found /usr/bin/gcc
configure:2805: result: gcc
configure:3037: checking for C compiler version
configure:3045: gcc --version >&5
gcc (GCC) 4.4.7 20120313 (Red Hat 4.4.7-4)
Copyright (C) 2010 Free Software Foundation, Inc.
This is free software; see the source for copying conditions.  There is NO
warranty; not even for MERCHANTABILITY or FITNESS FOR A PARTICULAR PURPOSE.

configure:3049: $? = 0
configure:3056: gcc -v >&5
Using built-in specs.
Target: x86_64-redhat-linux
Configured with: ../configure --prefix=/usr --mandir=/usr/share/man --infodir=/usr/share/info --with-bugurl=http://bugzilla.redhat.com/bugzilla --enable-bootstrap --enable-shared --enable-threads=posix --enable-checking=release --with-system-zlib --enable-__cxa_atexit --disable-libunwind-exceptions --enable-gnu-unique-object --enable-languages=c,c++,objc,obj-c++,java,fortran,ada --enable-java-awt=gtk --disable-dssi --with-java-home=/usr/lib/jvm/java-1.5.0-gcj-1.5.0.0/jre --enable-libgcj-multifile --enable-java-maintainer-mode --with-ecj-jar=/usr/share/java/eclipse-ecj.jar --disable-libjava-multilib --with-ppl --with-cloog --with-tune=generic --with-arch_32=i686 --build=x86_64-redhat-linux
Thread model: posix
gcc version 4.4.7 20120313 (Red Hat 4.4.7-4) (GCC) 
configure:3060: $? = 0
configure:3067: gcc -V >&5
gcc: '-V' option must have argument
configure:3071: $? = 1
configure:3094: checking for C compiler default output file name
configure:3116: gcc    conftest.c  >&5
configure:3120: $? = 0
configure:3158: result: a.out
configure:3177: checking whether the C compiler works
configure:3187: ./a.out
configure:3191: $? = 0
configure:3210: result: yes
configure:3217: checking whether we are cross compiling
configure:3219: result: no
configure:3222: checking for suffix of executables
configure:3229: gcc -o conftest    conftest.c  >&5
configure:3233: $? = 0
configure:3259: result: 
configure:3265: checking for suffix of object files
configure:3291: gcc -c   conftest.c >&5
configure:3295: $? = 0
configure:3320: result: o
configure:3324: checking whether we are using the GNU C compiler
configure:3353: gcc -c   conftest.c >&5
configure:3360: $? = 0
configure:3377: result: yes
configure:3386: checking whether gcc accepts -g
configure:3416: gcc -c -g  conftest.c >&5
configure:3423: $? = 0
configure:3524: result: yes
configure:3541: checking for gcc option to accept ISO C89
configure:3615: gcc  -c -g -O2  conftest.c >&5
configure:3622: $? = 0
configure:3645: result: none needed
configure:3665: checking dependency style of gcc
configure:3775: result: gcc3
configure:3825: checking for isainfo
configure:3855: result: no
configure:3917: checking whether gcc and cc understand -c and -o together
configure:3952: gcc -c conftest.c -o conftest2.o >&5
configure:3956: $? = 0
configure:3962: gcc -c conftest.c -o conftest2.o >&5
configure:3966: $? = 0
configure:3977: cc -c conftest.c >&5
configure:3981: $? = 0
configure:3989: cc -c conftest.c -o conftest2.o >&5
configure:3993: $? = 0
configure:3999: cc -c conftest.c -o conftest2.o >&5
configure:4003: $? = 0
configure:4021: result: yes
configure:4035: checking for grep that handles long lines and -e
configure:4095: result: /bin/grep
configure:4100: checking for egrep
configure:4164: result: /bin/grep -E
configure:4169: checking for ANSI C header files
configure:4199: gcc -c -g -O2  conftest.c >&5
configure:4206: $? = 0
./configure: line 4232: conftest.c: command not found
configure:4337: result: no
configure:4361: checking for sys/types.h
configure:4382: gcc -c -g -O2  conftest.c >&5
configure:4389: $? = 0
configure:4406: result: yes
configure:4361: checking for sys/stat.h
configure:4382: gcc -c -g -O2  conftest.c >&5
configure:4389: $? = 0
configure:4406: result: yes
configure:4361: checking for stdlib.h
configure:4382: gcc -c -g -O2  conftest.c >&5
configure:4389: $? = 0
configure:4406: result: yes
configure:4361: checking for string.h
configure:4382: gcc -c -g -O2  conftest.c >&5
configure:4389: $? = 0
configure:4406: result: yes
configure:4361: checking for memory.h
configure:4382: gcc -c -g -O2  conftest.c >&5
configure:4389: $? = 0
configure:4406: result: yes
configure:4361: checking for strings.h
configure:4382: gcc -c -g -O2  conftest.c >&5
configure:4389: $? = 0
configure:4406: result: yes
configure:4361: checking for inttypes.h
configure:4382: gcc -c -g -O2  conftest.c >&5
configure:4389: $? = 0
configure:4406: result: yes
configure:4361: checking for stdint.h
configure:4382: gcc -c -g -O2  conftest.c >&5
configure:4389: $? = 0
configure:4406: result: yes
configure:4361: checking for unistd.h
configure:4382: gcc -c -g -O2  conftest.c >&5
configure:4389: $? = 0
configure:4406: result: yes
configure:4433: checking minix/config.h usability
configure:4450: gcc -c -g -O2  conftest.c >&5
conftest.c:50:26: error: minix/config.h: No such file or directory
configure:4457: $? = 1
configure: failed program was:
| /* confdefs.h.  */
| #define PACKAGE_NAME "libmemcached"
| #define PACKAGE_TARNAME "libmemcached"
| #define PACKAGE_VERSION "0.32"
| #define PACKAGE_STRING "libmemcached 0.32"
| #define PACKAGE_BUGREPORT "http://tangent.org/552/libmemcached.html"
| #define HAVE_SYS_TYPES_H 1
| #define HAVE_SYS_STAT_H 1
| #define HAVE_STDLIB_H 1
| #define HAVE_STRING_H 1
| #define HAVE_MEMORY_H 1
| #define HAVE_STRINGS_H 1
| #define HAVE_INTTYPES_H 1
| #define HAVE_STDINT_H 1
| #define HAVE_UNISTD_H 1
| /* end confdefs.h.  */
| #include <stdio.h>
| #ifdef HAVE_SYS_TYPES_H
| # include <sys/types.h>
| #endif
| #ifdef HAVE_SYS_STAT_H
| # include <sys/stat.h>
| #endif
| #ifdef STDC_HEADERS
| # include <stdlib.h>
| # include <stddef.h>
| #else
| # ifdef HAVE_STDLIB_H
| #  include <stdlib.h>
| # endif
| #endif
| #ifdef HAVE_STRING_H
| # if !defined STDC_HEADERS && defined HAVE_MEMORY_H
| #  include <memory.h>
| # endif
| # include <string.h>
| #endif
| #ifdef HAVE_STRINGS_H
| # include <strings.h>
| #endif
| #ifdef HAVE_INTTYPES_H
| # include <inttypes.h>
| #endif
| #ifdef HAVE_STDINT_H
| # include <stdint.h>
| #endif
| #ifdef HAVE_UNISTD_H
| # include <unistd.h>
| #endif
| #include <minix/config.h>
configure:4471: result: no
configure:4475: checking minix/config.h presence
configure:4490:   conftest.c
./configure: line 4492: conftest.c: command not found
configure:4497: $? = 127
configure: failed program was:
| /* confdefs.h.  */
| #define PACKAGE_NAME "libmemcached"
| #define PACKAGE_TARNAME "libmemcached"
| #define PACKAGE_VERSION "0.32"
| #define PACKAGE_STRING "libmemcached 0.32"
| #define PACKAGE_BUGREPORT "http://tangent.org/552/libmemcached.html"
| #define HAVE_SYS_TYPES_H 1
| #define HAVE_SYS_STAT_H 1
| #define HAVE_STDLIB_H 1
| #define HAVE_STRING_H 1
| #define HAVE_MEMORY_H 1
| #define HAVE_STRINGS_H 1
| #define HAVE_INTTYPES_H 1
| #define HAVE_STDINT_H 1
| #define HAVE_UNISTD_H 1
| /* end confdefs.h.  */
| #include <minix/config.h>
configure:4511: result: no
configure:4544: checking for minix/config.h
configure:4551: result: no
configure:4592: checking whether it is safe to define __EXTENSIONS__
configure:4620: gcc -c -g -O2  conftest.c >&5
configure:4627: $? = 0
configure:4642: result: yes
configure:4691: checking for a sed that does not truncate output
configure:4757: result: /bin/sed
configure:4775: checking for fgrep
configure:4839: result: /bin/grep -F
configure:4874: checking for ld used by gcc
configure:4941: result: /usr/bin/ld
configure:4950: checking if the linker (/usr/bin/ld) is GNU ld
configure:4965: result: yes
configure:4977: checking for BSD- or MS-compatible name lister (nm)
configure:5026: result: /usr/bin/nm -B
configure:5144: checking the name lister (/usr/bin/nm -B) interface
configure:5151: gcc -c -g -O2  conftest.c >&5
configure:5154: /usr/bin/nm -B "conftest.o"
configure:5157: output
0000000000000000 B some_variable
configure:5164: result: BSD nm
configure:5167: checking whether ln -s works
configure:5171: result: yes
configure:5179: checking the maximum length of command line arguments
configure:5299: result: 1966080
configure:5316: checking whether the shell understands some XSI constructs
configure:5326: result: yes
configure:5330: checking whether the shell understands "+="
configure:5336: result: yes
configure:5371: checking for /usr/bin/ld option to reload object files
configure:5378: result: -r
configure:5447: checking for objdump
configure:5463: found /usr/bin/objdump
configure:5474: result: objdump
configure:5506: checking how to recognize dependent libraries
configure:5702: result: pass_all
configure:5762: checking for ar
configure:5778: found /usr/bin/ar
configure:5789: result: ar
configure:5867: checking for strip
configure:5883: found /usr/bin/strip
configure:5894: result: strip
configure:5966: checking for ranlib
configure:5982: found /usr/bin/ranlib
configure:5993: result: ranlib
configure:6083: checking command to parse /usr/bin/nm -B output from gcc object
configure:6201: gcc -c -g -O2  conftest.c >&5
configure:6204: $? = 0
configure:6208: /usr/bin/nm -B conftest.o \| sed -n -e 's/^.*[	 ]\([ABCDGIRSTW][ABCDGIRSTW]*\)[	 ][	 ]*\([_A-Za-z][_A-Za-z0-9]*\)$/\1 \2 \2/p' \> conftest.nm
configure:6211: $? = 0
configure:6265: gcc -o conftest -g -O2   conftest.c conftstm.o >&5
configure:6268: $? = 0
configure:6306: result: ok
configure:6401: gcc -c -g -O2  conftest.c >&5
configure:6404: $? = 0
configure:7171: checking for dlfcn.h
configure:7192: gcc -c -g -O2  conftest.c >&5
configure:7199: $? = 0
configure:7216: result: yes
configure:7289: checking for g++
configure:7305: found /usr/bin/g++
configure:7316: result: g++
configure:7343: checking for C++ compiler version
configure:7351: g++ --version >&5
g++ (GCC) 4.4.7 20120313 (Red Hat 4.4.7-4)
Copyright (C) 2010 Free Software Foundation, Inc.
This is free software; see the source for copying conditions.  There is NO
warranty; not even for MERCHANTABILITY or FITNESS FOR A PARTICULAR PURPOSE.

configure:7355: $? = 0
configure:7362: g++ -v >&5
Using built-in specs.
Target: x86_64-redhat-linux
Configured with: ../configure --prefix=/usr --mandir=/usr/share/man --infodir=/usr/share/info --with-bugurl=http://bugzilla.redhat.com/bugzilla --enable-bootstrap --enable-shared --enable-threads=posix --enable-checking=release --with-system-zlib --enable-__cxa_atexit --disable-libunwind-exceptions --enable-gnu-unique-object --enable-languages=c,c++,objc,obj-c++,java,fortran,ada --enable-java-awt=gtk --disable-dssi --with-java-home=/usr/lib/jvm/java-1.5.0-gcj-1.5.0.0/jre --enable-libgcj-multifile --enable-java-maintainer-mode --with-ecj-jar=/usr/share/java/eclipse-ecj.jar --disable-libjava-multilib --with-ppl --with-cloog --with-tune=generic --with-arch_32=i686 --build=x86_64-redhat-linux
Thread model: posix
gcc version 4.4.7 20120313 (Red Hat 4.4.7-4) (GCC) 
configure:7366: $? = 0
configure:7373: g++ -V >&5
g++: '-V' option must have argument
configure:7377: $? = 1
configure:7380: checking whether we are using the GNU C++ compiler
configure:7409: g++ -c   conftest.cpp >&5
configure:7416: $? = 0
configure:7433: result: yes
configure:7442: checking whether g++ accepts -g
configure:7472: g++ -c -g  conftest.cpp >&5
configure:7479: $? = 0
configure:7580: result: yes
configure:7605: checking dependency style of g++
configure:7715: result: gcc3
configure:7738: checking how to run the C++ preprocessor
configure:7774: g++ -E  conftest.cpp
configure:7781: $? = 0
configure:7812: g++ -E  conftest.cpp
conftest.cpp:23:28: error: ac_nonexistent.h: No such file or directory
configure:7819: $? = 1
configure: failed program was:
| /* confdefs.h.  */
| #define PACKAGE_NAME "libmemcached"
| #define PACKAGE_TARNAME "libmemcached"
| #define PACKAGE_VERSION "0.32"
| #define PACKAGE_STRING "libmemcached 0.32"
| #define PACKAGE_BUGREPORT "http://tangent.org/552/libmemcached.html"
| #define HAVE_SYS_TYPES_H 1
| #define HAVE_SYS_STAT_H 1
| #define HAVE_STDLIB_H 1
| #define HAVE_STRING_H 1
| #define HAVE_MEMORY_H 1
| #define HAVE_STRINGS_H 1
| #define HAVE_INTTYPES_H 1
| #define HAVE_STDINT_H 1
| #define HAVE_UNISTD_H 1
| #define __EXTENSIONS__ 1
| #define _ALL_SOURCE 1
| #define _GNU_SOURCE 1
| #define _POSIX_PTHREAD_SEMANTICS 1
| #define _TANDEM_SOURCE 1
| #define HAVE_DLFCN_H 1
| /* end confdefs.h.  */
| #include <ac_nonexistent.h>
configure:7852: result: g++ -E
configure:7881: g++ -E  conftest.cpp
configure:7888: $? = 0
configure:7919: g++ -E  conftest.cpp
conftest.cpp:23:28: error: ac_nonexistent.h: No such file or directory
configure:7926: $? = 1
configure: failed program was:
| /* confdefs.h.  */
| #define PACKAGE_NAME "libmemcached"
| #define PACKAGE_TARNAME "libmemcached"
| #define PACKAGE_VERSION "0.32"
| #define PACKAGE_STRING "libmemcached 0.32"
| #define PACKAGE_BUGREPORT "http://tangent.org/552/libmemcached.html"
| #define HAVE_SYS_TYPES_H 1
| #define HAVE_SYS_STAT_H 1
| #define HAVE_STDLIB_H 1
| #define HAVE_STRING_H 1
| #define HAVE_MEMORY_H 1
| #define HAVE_STRINGS_H 1
| #define HAVE_INTTYPES_H 1
| #define HAVE_STDINT_H 1
| #define HAVE_UNISTD_H 1
| #define __EXTENSIONS__ 1
| #define _ALL_SOURCE 1
| #define _GNU_SOURCE 1
| #define _POSIX_PTHREAD_SEMANTICS 1
| #define _TANDEM_SOURCE 1
| #define HAVE_DLFCN_H 1
| /* end confdefs.h.  */
| #include <ac_nonexistent.h>
configure:8140: checking for objdir
configure:8155: result: .libs
configure:8451: checking if gcc supports -fno-rtti -fno-exceptions
configure:8469: gcc -c -g -O2  -fno-rtti -fno-exceptions conftest.c >&5
cc1: warning: command line option "-fno-rtti" is valid for C++/ObjC++ but not for C
configure:8473: $? = 0
configure:8486: result: no
configure:8506: checking for gcc option to produce PIC
configure:8778: result: -fPIC -DPIC
configure:8790: checking if gcc PIC flag -fPIC -DPIC works
configure:8808: gcc -c -g -O2  -fPIC -DPIC -DPIC conftest.c >&5
configure:8812: $? = 0
configure:8825: result: yes
configure:8849: checking if gcc static flag -static works
configure:8877: result: no
configure:8892: checking if gcc supports -c -o file.o
configure:8913: gcc -c -g -O2  -o out/conftest2.o conftest.c >&5
configure:8917: $? = 0
configure:8939: result: yes
configure:8947: checking if gcc supports -c -o file.o
configure:8994: result: yes
configure:9027: checking whether the gcc linker (/usr/bin/ld -m elf_x86_64) supports shared libraries
configure:10101: result: yes
configure:10138: checking whether -lc should be explicitly linked in
configure:10143: gcc -c -g -O2  conftest.c >&5
configure:10146: $? = 0
configure:10161: gcc -shared conftest.o  -v -Wl,-soname -Wl,conftest -o conftest 2\>\&1 \| /bin/grep  -lc  \>/dev/null 2\>\&1
configure:10164: $? = 0
configure:10176: result: no
configure:10340: checking dynamic linker characteristics
configure:10783: gcc -o conftest -g -O2   -Wl,-rpath -Wl,/foo conftest.c  >&5
configure:10790: $? = 0
configure:11026: result: GNU/Linux ld.so
configure:11128: checking how to hardcode library paths into programs
configure:11153: result: immediate
configure:11986: checking whether stripping libraries is possible
configure:11991: result: yes
configure:12026: checking if libtool supports shared libraries
configure:12028: result: yes
configure:12031: checking whether to build shared libraries
configure:12052: result: yes
configure:12055: checking whether to build static libraries
configure:12059: result: yes
configure:12209: checking for ld used by g++
configure:12276: result: /usr/bin/ld -m elf_x86_64
configure:12285: checking if the linker (/usr/bin/ld -m elf_x86_64) is GNU ld
configure:12300: result: yes
configure:12355: checking whether the g++ linker (/usr/bin/ld -m elf_x86_64) supports shared libraries
configure:13330: result: yes
configure:13358: g++ -c -g -O2  conftest.cpp >&5
configure:13361: $? = 0
configure:13543: checking for g++ option to produce PIC
configure:13860: result: -fPIC -DPIC
configure:13869: checking if g++ PIC flag -fPIC -DPIC works
configure:13887: g++ -c -g -O2  -fPIC -DPIC -DPIC conftest.cpp >&5
configure:13891: $? = 0
configure:13904: result: yes
configure:13925: checking if g++ static flag -static works
configure:13953: result: no
configure:13965: checking if g++ supports -c -o file.o
configure:13986: g++ -c -g -O2  -o out/conftest2.o conftest.cpp >&5
configure:13990: $? = 0
configure:14012: result: yes
configure:14017: checking if g++ supports -c -o file.o
configure:14064: result: yes
configure:14094: checking whether the g++ linker (/usr/bin/ld -m elf_x86_64) supports shared libraries
configure:14120: result: yes
configure:14257: checking dynamic linker characteristics
configure:14648: g++ -o conftest -g -O2   -Wl,-rpath -Wl,/foo conftest.cpp  >&5
configure:14655: $? = 0
configure:14891: result: GNU/Linux ld.so
configure:14942: checking how to hardcode library paths into programs
configure:14967: result: immediate
configure:15026: checking if g++ supports C++0x features without additional flags
configure:15073: g++ -c -g -O2  conftest.cpp >&5
conftest.cpp:28: error: expected identifier before 'sizeof'
conftest.cpp:28: error: expected ',' or '...' before 'sizeof'
conftest.cpp:28: error: ISO C++ forbids declaration of 'static_assert' with no type
conftest.cpp:31: error: '>>' should be '> >' within a nested template argument list
conftest.cpp:34: error: expected constructor, destructor, or type conversion before '(' token
conftest.cpp:38: error: expected unqualified-id before '&&' token
configure:15080: $? = 1
configure: failed program was:
| /* confdefs.h.  */
| #define PACKAGE_NAME "libmemcached"
| #define PACKAGE_TARNAME "libmemcached"
| #define PACKAGE_VERSION "0.32"
| #define PACKAGE_STRING "libmemcached 0.32"
| #define PACKAGE_BUGREPORT "http://tangent.org/552/libmemcached.html"
| #define HAVE_SYS_TYPES_H 1
| #define HAVE_SYS_STAT_H 1
| #define HAVE_STDLIB_H 1
| #define HAVE_STRING_H 1
| #define HAVE_MEMORY_H 1
| #define HAVE_STRINGS_H 1
| #define HAVE_INTTYPES_H 1
| #define HAVE_STDINT_H 1
| #define HAVE_UNISTD_H 1
| #define __EXTENSIONS__ 1
| #define _ALL_SOURCE 1
| #define _GNU_SOURCE 1
| #define _POSIX_PTHREAD_SEMANTICS 1
| #define _TANDEM_SOURCE 1
| #define HAVE_DLFCN_H 1
| #define LT_OBJDIR ".libs/"
| /* end confdefs.h.  */
| 
|   template <typename T>
|     struct check
|     {
|       static_assert(sizeof(int) <= sizeof(T), "not big enough");
|     };
| 
|     typedef check<check<bool>> right_angle_brackets;
| 
|     int a;
|     decltype(a) b;
| 
|     typedef check<int> check_type;
|     check_type c;
|     check_type&& cr = c;
| int
| main ()
| {
| 
|   ;
|   return 0;
| }
configure:15102: result: no
configure:15105: checking if g++ supports C++0x features with -std=c++0x
configure:15154: g++ -c -g -O2 -std=c++0x  conftest.cpp >&5
configure:15161: $? = 0
configure:15184: result: yes
configure:15187: checking if g++ supports C++0x features with -std=gnu++0x
configure:15236: g++ -c -g -O2 -std=gnu++0x  conftest.cpp >&5
configure:15243: $? = 0
configure:15266: result: yes
configure:15450: checking for stdlib.h
configure:15457: result: yes
configure:15596: checking for GNU libc compatible malloc
configure:15630: gcc -o conftest -g -O2   conftest.c  >&5
configure:15634: $? = 0
configure:15640: ./conftest
configure:15644: $? = 0
configure:15661: result: yes
configure:15694: checking for stdlib.h
configure:15701: result: yes
configure:15840: checking for GNU libc compatible realloc
configure:15874: gcc -o conftest -g -O2   conftest.c  >&5
configure:15878: $? = 0
configure:15884: ./conftest
configure:15888: $? = 0
configure:15905: result: yes
configure:15956: checking target system type
configure:15971: result: x86_64-unknown-linux-gnu
configure:16183: checking for C++ compiler version
configure:16191: g++ --version >&5
g++ (GCC) 4.4.7 20120313 (Red Hat 4.4.7-4)
Copyright (C) 2010 Free Software Foundation, Inc.
This is free software; see the source for copying conditions.  There is NO
warranty; not even for MERCHANTABILITY or FITNESS FOR A PARTICULAR PURPOSE.

configure:16195: $? = 0
configure:16202: g++ -v >&5
Using built-in specs.
Target: x86_64-redhat-linux
Configured with: ../configure --prefix=/usr --mandir=/usr/share/man --infodir=/usr/share/info --with-bugurl=http://bugzilla.redhat.com/bugzilla --enable-bootstrap --enable-shared --enable-threads=posix --enable-checking=release --with-system-zlib --enable-__cxa_atexit --disable-libunwind-exceptions --enable-gnu-unique-object --enable-languages=c,c++,objc,obj-c++,java,fortran,ada --enable-java-awt=gtk --disable-dssi --with-java-home=/usr/lib/jvm/java-1.5.0-gcj-1.5.0.0/jre --enable-libgcj-multifile --enable-java-maintainer-mode --with-ecj-jar=/usr/share/java/eclipse-ecj.jar --disable-libjava-multilib --with-ppl --with-cloog --with-tune=generic --with-arch_32=i686 --build=x86_64-redhat-linux
Thread model: posix
gcc version 4.4.7 20120313 (Red Hat 4.4.7-4) (GCC) 
configure:16206: $? = 0
configure:16213: g++ -V >&5
g++: '-V' option must have argument
configure:16217: $? = 1
configure:16220: checking whether we are using the GNU C++ compiler
configure:16273: result: yes
configure:16282: checking whether g++ accepts -g
configure:16420: result: yes
configure:16445: checking dependency style of g++
configure:16555: result: gcc3
configure:16575: checking how to run the C preprocessor
configure:16615: gcc -E  conftest.c
configure:16622: $? = 0
configure:16653: gcc -E  conftest.c
conftest.c:31:28: error: ac_nonexistent.h: No such file or directory
configure:16660: $? = 1
configure: failed program was:
| /* confdefs.h.  */
| #define PACKAGE_NAME "libmemcached"
| #define PACKAGE_TARNAME "libmemcached"
| #define PACKAGE_VERSION "0.32"
| #define PACKAGE_STRING "libmemcached 0.32"
| #define PACKAGE_BUGREPORT "http://tangent.org/552/libmemcached.html"
| #define HAVE_SYS_TYPES_H 1
| #define HAVE_SYS_STAT_H 1
| #define HAVE_STDLIB_H 1
| #define HAVE_STRING_H 1
| #define HAVE_MEMORY_H 1
| #define HAVE_STRINGS_H 1
| #define HAVE_INTTYPES_H 1
| #define HAVE_STDINT_H 1
| #define HAVE_UNISTD_H 1
| #define __EXTENSIONS__ 1
| #define _ALL_SOURCE 1
| #define _GNU_SOURCE 1
| #define _POSIX_PTHREAD_SEMANTICS 1
| #define _TANDEM_SOURCE 1
| #define HAVE_DLFCN_H 1
| #define LT_OBJDIR ".libs/"
| #define HAVE_STDCXX_0X /**/
| #define HAVE_STDLIB_H 1
| #define HAVE_MALLOC 1
| #define HAVE_STDLIB_H 1
| #define HAVE_REALLOC 1
| #define PACKAGE "libmemcached"
| #define VERSION "0.32"
| /* end confdefs.h.  */
| #include <ac_nonexistent.h>
configure:16693: result: gcc -E
configure:16722: gcc -E  conftest.c
configure:16729: $? = 0
configure:16760: gcc -E  conftest.c
conftest.c:31:28: error: ac_nonexistent.h: No such file or directory
configure:16767: $? = 1
configure: failed program was:
| /* confdefs.h.  */
| #define PACKAGE_NAME "libmemcached"
| #define PACKAGE_TARNAME "libmemcached"
| #define PACKAGE_VERSION "0.32"
| #define PACKAGE_STRING "libmemcached 0.32"
| #define PACKAGE_BUGREPORT "http://tangent.org/552/libmemcached.html"
| #define HAVE_SYS_TYPES_H 1
| #define HAVE_SYS_STAT_H 1
| #define HAVE_STDLIB_H 1
| #define HAVE_STRING_H 1
| #define HAVE_MEMORY_H 1
| #define HAVE_STRINGS_H 1
| #define HAVE_INTTYPES_H 1
| #define HAVE_STDINT_H 1
| #define HAVE_UNISTD_H 1
| #define __EXTENSIONS__ 1
| #define _ALL_SOURCE 1
| #define _GNU_SOURCE 1
| #define _POSIX_PTHREAD_SEMANTICS 1
| #define _TANDEM_SOURCE 1
| #define HAVE_DLFCN_H 1
| #define LT_OBJDIR ".libs/"
| #define HAVE_STDCXX_0X /**/
| #define HAVE_STDLIB_H 1
| #define HAVE_MALLOC 1
| #define HAVE_STDLIB_H 1
| #define HAVE_REALLOC 1
| #define PACKAGE "libmemcached"
| #define VERSION "0.32"
| /* end confdefs.h.  */
| #include <ac_nonexistent.h>
configure:16826: checking whether __SUNPRO_C is declared
configure:16855: gcc -c   conftest.c >&5
conftest.c: In function 'main':
conftest.c:68: error: '__SUNPRO_C' undeclared (first use in this function)
conftest.c:68: error: (Each undeclared identifier is reported only once
conftest.c:68: error: for each function it appears in.)
configure:16862: $? = 1
configure: failed program was:
| /* confdefs.h.  */
| #define PACKAGE_NAME "libmemcached"
| #define PACKAGE_TARNAME "libmemcached"
| #define PACKAGE_VERSION "0.32"
| #define PACKAGE_STRING "libmemcached 0.32"
| #define PACKAGE_BUGREPORT "http://tangent.org/552/libmemcached.html"
| #define HAVE_SYS_TYPES_H 1
| #define HAVE_SYS_STAT_H 1
| #define HAVE_STDLIB_H 1
| #define HAVE_STRING_H 1
| #define HAVE_MEMORY_H 1
| #define HAVE_STRINGS_H 1
| #define HAVE_INTTYPES_H 1
| #define HAVE_STDINT_H 1
| #define HAVE_UNISTD_H 1
| #define __EXTENSIONS__ 1
| #define _ALL_SOURCE 1
| #define _GNU_SOURCE 1
| #define _POSIX_PTHREAD_SEMANTICS 1
| #define _TANDEM_SOURCE 1
| #define HAVE_DLFCN_H 1
| #define LT_OBJDIR ".libs/"
| #define HAVE_STDCXX_0X /**/
| #define HAVE_STDLIB_H 1
| #define HAVE_MALLOC 1
| #define HAVE_STDLIB_H 1
| #define HAVE_REALLOC 1
| #define PACKAGE "libmemcached"
| #define VERSION "0.32"
| /* end confdefs.h.  */
| #include <stdio.h>
| #ifdef HAVE_SYS_TYPES_H
| # include <sys/types.h>
| #endif
| #ifdef HAVE_SYS_STAT_H
| # include <sys/stat.h>
| #endif
| #ifdef STDC_HEADERS
| # include <stdlib.h>
| # include <stddef.h>
| #else
| # ifdef HAVE_STDLIB_H
| #  include <stdlib.h>
| # endif
| #endif
| #ifdef HAVE_STRING_H
| # if !defined STDC_HEADERS && defined HAVE_MEMORY_H
| #  include <memory.h>
| # endif
| # include <string.h>
| #endif
| #ifdef HAVE_STRINGS_H
| # include <strings.h>
| #endif
| #ifdef HAVE_INTTYPES_H
| # include <inttypes.h>
| #endif
| #ifdef HAVE_STDINT_H
| # include <stdint.h>
| #endif
| #ifdef HAVE_UNISTD_H
| # include <unistd.h>
| #endif
| int
| main ()
| {
| #ifndef __SUNPRO_C
|   (void) __SUNPRO_C;
| #endif
| 
|   ;
|   return 0;
| }
configure:16877: result: no
configure:16885: checking whether __ICC is declared
configure:16914: gcc -c   conftest.c >&5
conftest.c: In function 'main':
conftest.c:68: error: '__ICC' undeclared (first use in this function)
conftest.c:68: error: (Each undeclared identifier is reported only once
conftest.c:68: error: for each function it appears in.)
configure:16921: $? = 1
configure: failed program was:
| /* confdefs.h.  */
| #define PACKAGE_NAME "libmemcached"
| #define PACKAGE_TARNAME "libmemcached"
| #define PACKAGE_VERSION "0.32"
| #define PACKAGE_STRING "libmemcached 0.32"
| #define PACKAGE_BUGREPORT "http://tangent.org/552/libmemcached.html"
| #define HAVE_SYS_TYPES_H 1
| #define HAVE_SYS_STAT_H 1
| #define HAVE_STDLIB_H 1
| #define HAVE_STRING_H 1
| #define HAVE_MEMORY_H 1
| #define HAVE_STRINGS_H 1
| #define HAVE_INTTYPES_H 1
| #define HAVE_STDINT_H 1
| #define HAVE_UNISTD_H 1
| #define __EXTENSIONS__ 1
| #define _ALL_SOURCE 1
| #define _GNU_SOURCE 1
| #define _POSIX_PTHREAD_SEMANTICS 1
| #define _TANDEM_SOURCE 1
| #define HAVE_DLFCN_H 1
| #define LT_OBJDIR ".libs/"
| #define HAVE_STDCXX_0X /**/
| #define HAVE_STDLIB_H 1
| #define HAVE_MALLOC 1
| #define HAVE_STDLIB_H 1
| #define HAVE_REALLOC 1
| #define PACKAGE "libmemcached"
| #define VERSION "0.32"
| /* end confdefs.h.  */
| #include <stdio.h>
| #ifdef HAVE_SYS_TYPES_H
| # include <sys/types.h>
| #endif
| #ifdef HAVE_SYS_STAT_H
| # include <sys/stat.h>
| #endif
| #ifdef STDC_HEADERS
| # include <stdlib.h>
| # include <stddef.h>
| #else
| # ifdef HAVE_STDLIB_H
| #  include <stdlib.h>
| # endif
| #endif
| #ifdef HAVE_STRING_H
| # if !defined STDC_HEADERS && defined HAVE_MEMORY_H
| #  include <memory.h>
| # endif
| # include <string.h>
| #endif
| #ifdef HAVE_STRINGS_H
| # include <strings.h>
| #endif
| #ifdef HAVE_INTTYPES_H
| # include <inttypes.h>
| #endif
| #ifdef HAVE_STDINT_H
| # include <stdint.h>
| #endif
| #ifdef HAVE_UNISTD_H
| # include <unistd.h>
| #endif
| int
| main ()
| {
| #ifndef __ICC
|   (void) __ICC;
| #endif
| 
|   ;
|   return 0;
| }
configure:16936: result: no
configure:16976: checking for ISO C++ 98 include files
configure:17058: g++ -c -std=gnu++0x   conftest.cpp >&5
configure:17065: $? = 0
configure:17087: result: yes
configure:17126: checking memory usability
configure:17143: g++ -c -std=gnu++0x   conftest.cpp >&5
configure:17150: $? = 0
configure:17164: result: yes
configure:17168: checking memory presence
configure:17183: g++ -E  conftest.cpp
configure:17190: $? = 0
configure:17204: result: yes
configure:17237: checking for memory
configure:17246: result: yes
configure:17126: checking tr1/memory usability
configure:17143: g++ -c -std=gnu++0x   conftest.cpp >&5
configure:17150: $? = 0
configure:17164: result: yes
configure:17168: checking tr1/memory presence
configure:17183: g++ -E  conftest.cpp
configure:17190: $? = 0
configure:17204: result: yes
configure:17237: checking for tr1/memory
configure:17246: result: yes
configure:17126: checking boost/shared_ptr.hpp usability
configure:17143: g++ -c -std=gnu++0x   conftest.cpp >&5
conftest.cpp:67:32: error: boost/shared_ptr.hpp: No such file or directory
configure:17150: $? = 1
configure: failed program was:
| /* confdefs.h.  */
| #define PACKAGE_NAME "libmemcached"
| #define PACKAGE_TARNAME "libmemcached"
| #define PACKAGE_VERSION "0.32"
| #define PACKAGE_STRING "libmemcached 0.32"
| #define PACKAGE_BUGREPORT "http://tangent.org/552/libmemcached.html"
| #define HAVE_SYS_TYPES_H 1
| #define HAVE_SYS_STAT_H 1
| #define HAVE_STDLIB_H 1
| #define HAVE_STRING_H 1
| #define HAVE_MEMORY_H 1
| #define HAVE_STRINGS_H 1
| #define HAVE_INTTYPES_H 1
| #define HAVE_STDINT_H 1
| #define HAVE_UNISTD_H 1
| #define __EXTENSIONS__ 1
| #define _ALL_SOURCE 1
| #define _GNU_SOURCE 1
| #define _POSIX_PTHREAD_SEMANTICS 1
| #define _TANDEM_SOURCE 1
| #define HAVE_DLFCN_H 1
| #define LT_OBJDIR ".libs/"
| #define HAVE_STDCXX_0X /**/
| #define HAVE_STDLIB_H 1
| #define HAVE_MALLOC 1
| #define HAVE_STDLIB_H 1
| #define HAVE_REALLOC 1
| #define PACKAGE "libmemcached"
| #define VERSION "0.32"
| #define STDCXX_98_HEADERS /**/
| #define HAVE_MEMORY 1
| #define HAVE_TR1_MEMORY 1
| /* end confdefs.h.  */
| #include <stdio.h>
| #ifdef HAVE_SYS_TYPES_H
| # include <sys/types.h>
| #endif
| #ifdef HAVE_SYS_STAT_H
| # include <sys/stat.h>
| #endif
| #ifdef STDC_HEADERS
| # include <stdlib.h>
| # include <stddef.h>
| #else
| # ifdef HAVE_STDLIB_H
| #  include <stdlib.h>
| # endif
| #endif
| #ifdef HAVE_STRING_H
| # if !defined STDC_HEADERS && defined HAVE_MEMORY_H
| #  include <memory.h>
| # endif
| # include <string.h>
| #endif
| #ifdef HAVE_STRINGS_H
| # include <strings.h>
| #endif
| #ifdef HAVE_INTTYPES_H
| # include <inttypes.h>
| #endif
| #ifdef HAVE_STDINT_H
| # include <stdint.h>
| #endif
| #ifdef HAVE_UNISTD_H
| # include <unistd.h>
| #endif
| #include <boost/shared_ptr.hpp>
configure:17164: result: no
configure:17168: checking boost/shared_ptr.hpp presence
configure:17183: g++ -E  conftest.cpp
conftest.cpp:34:32: error: boost/shared_ptr.hpp: No such file or directory
configure:17190: $? = 1
configure: failed program was:
| /* confdefs.h.  */
| #define PACKAGE_NAME "libmemcached"
| #define PACKAGE_TARNAME "libmemcached"
| #define PACKAGE_VERSION "0.32"
| #define PACKAGE_STRING "libmemcached 0.32"
| #define PACKAGE_BUGREPORT "http://tangent.org/552/libmemcached.html"
| #define HAVE_SYS_TYPES_H 1
| #define HAVE_SYS_STAT_H 1
| #define HAVE_STDLIB_H 1
| #define HAVE_STRING_H 1
| #define HAVE_MEMORY_H 1
| #define HAVE_STRINGS_H 1
| #define HAVE_INTTYPES_H 1
| #define HAVE_STDINT_H 1
| #define HAVE_UNISTD_H 1
| #define __EXTENSIONS__ 1
| #define _ALL_SOURCE 1
| #define _GNU_SOURCE 1
| #define _POSIX_PTHREAD_SEMANTICS 1
| #define _TANDEM_SOURCE 1
| #define HAVE_DLFCN_H 1
| #define LT_OBJDIR ".libs/"
| #define HAVE_STDCXX_0X /**/
| #define HAVE_STDLIB_H 1
| #define HAVE_MALLOC 1
| #define HAVE_STDLIB_H 1
| #define HAVE_REALLOC 1
| #define PACKAGE "libmemcached"
| #define VERSION "0.32"
| #define STDCXX_98_HEADERS /**/
| #define HAVE_MEMORY 1
| #define HAVE_TR1_MEMORY 1
| /* end confdefs.h.  */
| #include <boost/shared_ptr.hpp>
configure:17204: result: no
configure:17237: checking for boost/shared_ptr.hpp
configure:17246: result: no
configure:17261: checking the location of shared_ptr header file
configure:17306: g++ -c -std=gnu++0x   conftest.cpp >&5
configure:17313: $? = 0
configure:17333: result: 
configure:17360: checking whether byte ordering is bigendian
configure:17385: gcc -c   conftest.c >&5
conftest.c:36: error: expected '=', ',', ';', 'asm' or '__attribute__' before 'a'
configure:17392: $? = 1
configure: failed program was:
| /* confdefs.h.  */
| #define PACKAGE_NAME "libmemcached"
| #define PACKAGE_TARNAME "libmemcached"
| #define PACKAGE_VERSION "0.32"
| #define PACKAGE_STRING "libmemcached 0.32"
| #define PACKAGE_BUGREPORT "http://tangent.org/552/libmemcached.html"
| #define HAVE_SYS_TYPES_H 1
| #define HAVE_SYS_STAT_H 1
| #define HAVE_STDLIB_H 1
| #define HAVE_STRING_H 1
| #define HAVE_MEMORY_H 1
| #define HAVE_STRINGS_H 1
| #define HAVE_INTTYPES_H 1
| #define HAVE_STDINT_H 1
| #define HAVE_UNISTD_H 1
| #define __EXTENSIONS__ 1
| #define _ALL_SOURCE 1
| #define _GNU_SOURCE 1
| #define _POSIX_PTHREAD_SEMANTICS 1
| #define _TANDEM_SOURCE 1
| #define HAVE_DLFCN_H 1
| #define LT_OBJDIR ".libs/"
| #define HAVE_STDCXX_0X /**/
| #define HAVE_STDLIB_H 1
| #define HAVE_MALLOC 1
| #define HAVE_STDLIB_H 1
| #define HAVE_REALLOC 1
| #define PACKAGE "libmemcached"
| #define VERSION "0.32"
| #define STDCXX_98_HEADERS /**/
| #define HAVE_MEMORY 1
| #define HAVE_TR1_MEMORY 1
| #define SHARED_PTR_NAMESPACE std
| /* end confdefs.h.  */
| #ifndef __APPLE_CC__
| 	       not a universal capable compiler
| 	     #endif
| 	     typedef int dummy;
| 
configure:17442: gcc -c   conftest.c >&5
configure:17449: $? = 0
configure:17481: gcc -c   conftest.c >&5
conftest.c: In function 'main':
conftest.c:42: error: 'not' undeclared (first use in this function)
conftest.c:42: error: (Each undeclared identifier is reported only once
conftest.c:42: error: for each function it appears in.)
conftest.c:42: error: expected ';' before 'big'
configure:17488: $? = 1
configure: failed program was:
| /* confdefs.h.  */
| #define PACKAGE_NAME "libmemcached"
| #define PACKAGE_TARNAME "libmemcached"
| #define PACKAGE_VERSION "0.32"
| #define PACKAGE_STRING "libmemcached 0.32"
| #define PACKAGE_BUGREPORT "http://tangent.org/552/libmemcached.html"
| #define HAVE_SYS_TYPES_H 1
| #define HAVE_SYS_STAT_H 1
| #define HAVE_STDLIB_H 1
| #define HAVE_STRING_H 1
| #define HAVE_MEMORY_H 1
| #define HAVE_STRINGS_H 1
| #define HAVE_INTTYPES_H 1
| #define HAVE_STDINT_H 1
| #define HAVE_UNISTD_H 1
| #define __EXTENSIONS__ 1
| #define _ALL_SOURCE 1
| #define _GNU_SOURCE 1
| #define _POSIX_PTHREAD_SEMANTICS 1
| #define _TANDEM_SOURCE 1
| #define HAVE_DLFCN_H 1
| #define LT_OBJDIR ".libs/"
| #define HAVE_STDCXX_0X /**/
| #define HAVE_STDLIB_H 1
| #define HAVE_MALLOC 1
| #define HAVE_STDLIB_H 1
| #define HAVE_REALLOC 1
| #define PACKAGE "libmemcached"
| #define VERSION "0.32"
| #define STDCXX_98_HEADERS /**/
| #define HAVE_MEMORY 1
| #define HAVE_TR1_MEMORY 1
| #define SHARED_PTR_NAMESPACE std
| /* end confdefs.h.  */
| #include <sys/types.h>
| 		#include <sys/param.h>
| 
| int
| main ()
| {
| #if BYTE_ORDER != BIG_ENDIAN
| 		 not big endian
| 		#endif
| 
|   ;
|   return 0;
| }
configure:17740: result: no
configure:17765: checking for an ANSI C-conforming const
configure:17840: gcc -c   conftest.c >&5
configure:17847: $? = 0
configure:17862: result: yes
configure:17872: checking for inline
configure:17898: gcc -c   conftest.c >&5
configure:17905: $? = 0
configure:17923: result: inline
configure:17942: checking for working volatile
configure:17971: gcc -c   conftest.c >&5
configure:17978: $? = 0
configure:17993: result: yes
configure:18003: checking for C/C++ restrict keyword
configure:18038: gcc -c   conftest.c >&5
configure:18045: $? = 0
configure:18063: result: __restrict
configure:18080: checking whether time.h and sys/time.h may both be included
configure:18110: gcc -c   conftest.c >&5
configure:18117: $? = 0
configure:18132: result: yes
configure:18142: checking for size_t
configure:18170: gcc -c   conftest.c >&5
configure:18177: $? = 0
configure:18204: gcc -c   conftest.c >&5
conftest.c: In function 'main':
conftest.c:73: error: expected expression before ')' token
configure:18211: $? = 1
configure: failed program was:
| /* confdefs.h.  */
| #define PACKAGE_NAME "libmemcached"
| #define PACKAGE_TARNAME "libmemcached"
| #define PACKAGE_VERSION "0.32"
| #define PACKAGE_STRING "libmemcached 0.32"
| #define PACKAGE_BUGREPORT "http://tangent.org/552/libmemcached.html"
| #define HAVE_SYS_TYPES_H 1
| #define HAVE_SYS_STAT_H 1
| #define HAVE_STDLIB_H 1
| #define HAVE_STRING_H 1
| #define HAVE_MEMORY_H 1
| #define HAVE_STRINGS_H 1
| #define HAVE_INTTYPES_H 1
| #define HAVE_STDINT_H 1
| #define HAVE_UNISTD_H 1
| #define __EXTENSIONS__ 1
| #define _ALL_SOURCE 1
| #define _GNU_SOURCE 1
| #define _POSIX_PTHREAD_SEMANTICS 1
| #define _TANDEM_SOURCE 1
| #define HAVE_DLFCN_H 1
| #define LT_OBJDIR ".libs/"
| #define HAVE_STDCXX_0X /**/
| #define HAVE_STDLIB_H 1
| #define HAVE_MALLOC 1
| #define HAVE_STDLIB_H 1
| #define HAVE_REALLOC 1
| #define PACKAGE "libmemcached"
| #define VERSION "0.32"
| #define STDCXX_98_HEADERS /**/
| #define HAVE_MEMORY 1
| #define HAVE_TR1_MEMORY 1
| #define SHARED_PTR_NAMESPACE std
| #define restrict __restrict
| #define TIME_WITH_SYS_TIME 1
| /* end confdefs.h.  */
| #include <stdio.h>
| #ifdef HAVE_SYS_TYPES_H
| # include <sys/types.h>
| #endif
| #ifdef HAVE_SYS_STAT_H
| # include <sys/stat.h>
| #endif
| #ifdef STDC_HEADERS
| # include <stdlib.h>
| # include <stddef.h>
| #else
| # ifdef HAVE_STDLIB_H
| #  include <stdlib.h>
| # endif
| #endif
| #ifdef HAVE_STRING_H
| # if !defined STDC_HEADERS && defined HAVE_MEMORY_H
| #  include <memory.h>
| # endif
| # include <string.h>
| #endif
| #ifdef HAVE_STRINGS_H
| # include <strings.h>
| #endif
| #ifdef HAVE_INTTYPES_H
| # include <inttypes.h>
| #endif
| #ifdef HAVE_STDINT_H
| # include <stdint.h>
| #endif
| #ifdef HAVE_UNISTD_H
| # include <unistd.h>
| #endif
| int
| main ()
| {
| if (sizeof ((size_t)))
| 	  return 0;
|   ;
|   return 0;
| }
configure:18234: result: yes
configure:18253: checking for special C compiler options needed for large files
configure:18348: result: no
configure:18354: checking for _FILE_OFFSET_BITS value needed for large files
configure:18389: gcc -c   conftest.c >&5
configure:18396: $? = 0
configure:18465: result: no
configure:18606: checking "C Compiler version--yes"
configure:18626: result: "gcc (GCC) 4.4.7 20120313 (Red Hat 4.4.7-4)"
configure:18631: checking "C++ Compiler version"
configure:18651: result: "g++ (GCC) 4.4.7 20120313 (Red Hat 4.4.7-4)"
configure:18743: checking for simple visibility declarations
configure:18775: gcc -std=gnu99 -c  -Werror -fvisibility=hidden  conftest.c >&5
configure:18782: $? = 0
configure:18799: result: yes
configure:18817: checking whether to enable assertions
configure:18826: result: yes
configure:18846: checking assert.h usability
configure:18863: gcc -std=gnu99 -c   conftest.c >&5
configure:18870: $? = 0
configure:18884: result: yes
configure:18888: checking assert.h presence
configure:18903: gcc -E  conftest.c
configure:18910: $? = 0
configure:18924: result: yes
configure:18957: checking for assert.h
configure:18966: result: yes
configure:19126: checking whether it is safe to use -fdiagnostics-show-option
configure:19154: gcc -std=gnu99 -c -fdiagnostics-show-option  -O3   conftest.c >&5
configure:19161: $? = 0
configure:19177: result: yes
configure:19187: checking whether it is safe to use -Wconversion
configure:19223: gcc -std=gnu99 -c -Wconversion -Werror -pedantic  -O3   conftest.c >&5
configure:19230: $? = 0
configure:19246: result: yes
configure:19251: checking whether it is safe to use -Wconversion with htons
configure:19283: gcc -std=gnu99 -c -Wconversion -Werror -pedantic  -O3   conftest.c >&5
configure:19290: $? = 0
configure:19306: result: yes
configure:19345: checking whether it is safe to use -Wmissing-declarations from C++
configure:19383: g++ -c -Werror -pedantic -Wmissing-declarations  -O3  conftest.cpp >&5
configure:19390: $? = 0
configure:19413: result: yes
configure:19420: checking whether it is safe to use -Wlogical-op
configure:19452: gcc -std=gnu99 -c  -pedantic -Wlogical-op  -O3   conftest.c >&5
configure:19459: $? = 0
configure:19475: result: yes
configure:19482: checking whether it is safe to use -Wredundant-decls from C++
configure:19520: g++ -c  -pedantic -Wredundant-decls  -O3  conftest.cpp >&5
conftest.cpp:42: warning: redundant redeclaration of 'void C<E>::foo() [with E = int]' in same scope
conftest.cpp:41: warning: previous declaration of 'void C<E>::foo() [with E = int]'
configure:19527: $? = 0
configure:19549: result: yes
configure:20250: checking for doxygen
configure:20266: found /usr/bin/doxygen
configure:20277: result: doxygen
configure:20292: checking for perl
configure:20308: found /usr/bin/perl
configure:20319: result: perl
configure:20583: checking for the pthreads library -lpthreads
configure:20626: gcc -std=gnu99 -o conftest    -L/usr/local/lib conftest.c -lpthreads  >&5
/usr/bin/ld: cannot find -lpthreads
collect2: ld returned 1 exit status
configure:20633: $? = 1
configure: failed program was:
| /* confdefs.h.  */
| #define PACKAGE_NAME "libmemcached"
| #define PACKAGE_TARNAME "libmemcached"
| #define PACKAGE_VERSION "0.32"
| #define PACKAGE_STRING "libmemcached 0.32"
| #define PACKAGE_BUGREPORT "http://tangent.org/552/libmemcached.html"
| #define HAVE_SYS_TYPES_H 1
| #define HAVE_SYS_STAT_H 1
| #define HAVE_STDLIB_H 1
| #define HAVE_STRING_H 1
| #define HAVE_MEMORY_H 1
| #define HAVE_STRINGS_H 1
| #define HAVE_INTTYPES_H 1
| #define HAVE_STDINT_H 1
| #define HAVE_UNISTD_H 1
| #define __EXTENSIONS__ 1
| #define _ALL_SOURCE 1
| #define _GNU_SOURCE 1
| #define _POSIX_PTHREAD_SEMANTICS 1
| #define _TANDEM_SOURCE 1
| #define HAVE_DLFCN_H 1
| #define LT_OBJDIR ".libs/"
| #define HAVE_STDCXX_0X /**/
| #define HAVE_STDLIB_H 1
| #define HAVE_MALLOC 1
| #define HAVE_STDLIB_H 1
| #define HAVE_REALLOC 1
| #define PACKAGE "libmemcached"
| #define VERSION "0.32"
| #define STDCXX_98_HEADERS /**/
| #define HAVE_MEMORY 1
| #define HAVE_TR1_MEMORY 1
| #define SHARED_PTR_NAMESPACE std
| #define restrict __restrict
| #define TIME_WITH_SYS_TIME 1
| #define HAVE_VISIBILITY 1
| #define HAVE_ASSERT_H 1
| /* end confdefs.h.  */
| #include <pthread.h>
| int
| main ()
| {
| pthread_t th; pthread_join(th, 0);
|                      pthread_attr_init(0); pthread_cleanup_push(0, 0);
|                      pthread_create(0,0,0,0); pthread_cleanup_pop(0);
|   ;
|   return 0;
| }
configure:20656: result: no
configure:20528: checking whether pthreads work without any flags
configure:20626: gcc -std=gnu99 -o conftest    -L/usr/local/lib conftest.c   >&5
/tmp/ccjnjwQA.o: In function `main':
conftest.c:(.text+0x18): undefined reference to `pthread_join'
conftest.c:(.text+0x7e): undefined reference to `__pthread_register_cancel'
conftest.c:(.text+0x97): undefined reference to `pthread_create'
conftest.c:(.text+0xa6): undefined reference to `__pthread_unregister_cancel'
collect2: ld returned 1 exit status
configure:20633: $? = 1
configure: failed program was:
| /* confdefs.h.  */
| #define PACKAGE_NAME "libmemcached"
| #define PACKAGE_TARNAME "libmemcached"
| #define PACKAGE_VERSION "0.32"
| #define PACKAGE_STRING "libmemcached 0.32"
| #define PACKAGE_BUGREPORT "http://tangent.org/552/libmemcached.html"
| #define HAVE_SYS_TYPES_H 1
| #define HAVE_SYS_STAT_H 1
| #define HAVE_STDLIB_H 1
| #define HAVE_STRING_H 1
| #define HAVE_MEMORY_H 1
| #define HAVE_STRINGS_H 1
| #define HAVE_INTTYPES_H 1
| #define HAVE_STDINT_H 1
| #define HAVE_UNISTD_H 1
| #define __EXTENSIONS__ 1
| #define _ALL_SOURCE 1
| #define _GNU_SOURCE 1
| #define _POSIX_PTHREAD_SEMANTICS 1
| #define _TANDEM_SOURCE 1
| #define HAVE_DLFCN_H 1
| #define LT_OBJDIR ".libs/"
| #define HAVE_STDCXX_0X /**/
| #define HAVE_STDLIB_H 1
| #define HAVE_MALLOC 1
| #define HAVE_STDLIB_H 1
| #define HAVE_REALLOC 1
| #define PACKAGE "libmemcached"
| #define VERSION "0.32"
| #define STDCXX_98_HEADERS /**/
| #define HAVE_MEMORY 1
| #define HAVE_TR1_MEMORY 1
| #define SHARED_PTR_NAMESPACE std
| #define restrict __restrict
| #define TIME_WITH_SYS_TIME 1
| #define HAVE_VISIBILITY 1
| #define HAVE_ASSERT_H 1
| /* end confdefs.h.  */
| #include <pthread.h>
| int
| main ()
| {
| pthread_t th; pthread_join(th, 0);
|                      pthread_attr_init(0); pthread_cleanup_push(0, 0);
|                      pthread_create(0,0,0,0); pthread_cleanup_pop(0);
|   ;
|   return 0;
| }
configure:20656: result: no
configure:20533: checking whether pthreads work with -Kthread
configure:20626: gcc -std=gnu99 -o conftest  -Kthread  -L/usr/local/lib conftest.c   >&5
gcc: unrecognized option '-Kthread'
/tmp/ccc9QPlG.o: In function `main':
conftest.c:(.text+0x18): undefined reference to `pthread_join'
conftest.c:(.text+0x7e): undefined reference to `__pthread_register_cancel'
conftest.c:(.text+0x97): undefined reference to `pthread_create'
conftest.c:(.text+0xa6): undefined reference to `__pthread_unregister_cancel'
collect2: ld returned 1 exit status
configure:20633: $? = 1
configure: failed program was:
| /* confdefs.h.  */
| #define PACKAGE_NAME "libmemcached"
| #define PACKAGE_TARNAME "libmemcached"
| #define PACKAGE_VERSION "0.32"
| #define PACKAGE_STRING "libmemcached 0.32"
| #define PACKAGE_BUGREPORT "http://tangent.org/552/libmemcached.html"
| #define HAVE_SYS_TYPES_H 1
| #define HAVE_SYS_STAT_H 1
| #define HAVE_STDLIB_H 1
| #define HAVE_STRING_H 1
| #define HAVE_MEMORY_H 1
| #define HAVE_STRINGS_H 1
| #define HAVE_INTTYPES_H 1
| #define HAVE_STDINT_H 1
| #define HAVE_UNISTD_H 1
| #define __EXTENSIONS__ 1
| #define _ALL_SOURCE 1
| #define _GNU_SOURCE 1
| #define _POSIX_PTHREAD_SEMANTICS 1
| #define _TANDEM_SOURCE 1
| #define HAVE_DLFCN_H 1
| #define LT_OBJDIR ".libs/"
| #define HAVE_STDCXX_0X /**/
| #define HAVE_STDLIB_H 1
| #define HAVE_MALLOC 1
| #define HAVE_STDLIB_H 1
| #define HAVE_REALLOC 1
| #define PACKAGE "libmemcached"
| #define VERSION "0.32"
| #define STDCXX_98_HEADERS /**/
| #define HAVE_MEMORY 1
| #define HAVE_TR1_MEMORY 1
| #define SHARED_PTR_NAMESPACE std
| #define restrict __restrict
| #define TIME_WITH_SYS_TIME 1
| #define HAVE_VISIBILITY 1
| #define HAVE_ASSERT_H 1
| /* end confdefs.h.  */
| #include <pthread.h>
| int
| main ()
| {
| pthread_t th; pthread_join(th, 0);
|                      pthread_attr_init(0); pthread_cleanup_push(0, 0);
|                      pthread_create(0,0,0,0); pthread_cleanup_pop(0);
|   ;
|   return 0;
| }
configure:20656: result: no
configure:20533: checking whether pthreads work with -kthread
configure:20626: gcc -std=gnu99 -o conftest  -kthread  -L/usr/local/lib conftest.c   >&5
gcc: unrecognized option '-kthread'
/tmp/ccOZM7UM.o: In function `main':
conftest.c:(.text+0x18): undefined reference to `pthread_join'
conftest.c:(.text+0x7e): undefined reference to `__pthread_register_cancel'
conftest.c:(.text+0x97): undefined reference to `pthread_create'
conftest.c:(.text+0xa6): undefined reference to `__pthread_unregister_cancel'
collect2: ld returned 1 exit status
configure:20633: $? = 1
configure: failed program was:
| /* confdefs.h.  */
| #define PACKAGE_NAME "libmemcached"
| #define PACKAGE_TARNAME "libmemcached"
| #define PACKAGE_VERSION "0.32"
| #define PACKAGE_STRING "libmemcached 0.32"
| #define PACKAGE_BUGREPORT "http://tangent.org/552/libmemcached.html"
| #define HAVE_SYS_TYPES_H 1
| #define HAVE_SYS_STAT_H 1
| #define HAVE_STDLIB_H 1
| #define HAVE_STRING_H 1
| #define HAVE_MEMORY_H 1
| #define HAVE_STRINGS_H 1
| #define HAVE_INTTYPES_H 1
| #define HAVE_STDINT_H 1
| #define HAVE_UNISTD_H 1
| #define __EXTENSIONS__ 1
| #define _ALL_SOURCE 1
| #define _GNU_SOURCE 1
| #define _POSIX_PTHREAD_SEMANTICS 1
| #define _TANDEM_SOURCE 1
| #define HAVE_DLFCN_H 1
| #define LT_OBJDIR ".libs/"
| #define HAVE_STDCXX_0X /**/
| #define HAVE_STDLIB_H 1
| #define HAVE_MALLOC 1
| #define HAVE_STDLIB_H 1
| #define HAVE_REALLOC 1
| #define PACKAGE "libmemcached"
| #define VERSION "0.32"
| #define STDCXX_98_HEADERS /**/
| #define HAVE_MEMORY 1
| #define HAVE_TR1_MEMORY 1
| #define SHARED_PTR_NAMESPACE std
| #define restrict __restrict
| #define TIME_WITH_SYS_TIME 1
| #define HAVE_VISIBILITY 1
| #define HAVE_ASSERT_H 1
| /* end confdefs.h.  */
| #include <pthread.h>
| int
| main ()
| {
| pthread_t th; pthread_join(th, 0);
|                      pthread_attr_init(0); pthread_cleanup_push(0, 0);
|                      pthread_create(0,0,0,0); pthread_cleanup_pop(0);
|   ;
|   return 0;
| }
configure:20656: result: no
configure:20583: checking for the pthreads library -llthread
configure:20626: gcc -std=gnu99 -o conftest    -L/usr/local/lib conftest.c -llthread  >&5
/usr/bin/ld: cannot find -llthread
collect2: ld returned 1 exit status
configure:20633: $? = 1
configure: failed program was:
| /* confdefs.h.  */
| #define PACKAGE_NAME "libmemcached"
| #define PACKAGE_TARNAME "libmemcached"
| #define PACKAGE_VERSION "0.32"
| #define PACKAGE_STRING "libmemcached 0.32"
| #define PACKAGE_BUGREPORT "http://tangent.org/552/libmemcached.html"
| #define HAVE_SYS_TYPES_H 1
| #define HAVE_SYS_STAT_H 1
| #define HAVE_STDLIB_H 1
| #define HAVE_STRING_H 1
| #define HAVE_MEMORY_H 1
| #define HAVE_STRINGS_H 1
| #define HAVE_INTTYPES_H 1
| #define HAVE_STDINT_H 1
| #define HAVE_UNISTD_H 1
| #define __EXTENSIONS__ 1
| #define _ALL_SOURCE 1
| #define _GNU_SOURCE 1
| #define _POSIX_PTHREAD_SEMANTICS 1
| #define _TANDEM_SOURCE 1
| #define HAVE_DLFCN_H 1
| #define LT_OBJDIR ".libs/"
| #define HAVE_STDCXX_0X /**/
| #define HAVE_STDLIB_H 1
| #define HAVE_MALLOC 1
| #define HAVE_STDLIB_H 1
| #define HAVE_REALLOC 1
| #define PACKAGE "libmemcached"
| #define VERSION "0.32"
| #define STDCXX_98_HEADERS /**/
| #define HAVE_MEMORY 1
| #define HAVE_TR1_MEMORY 1
| #define SHARED_PTR_NAMESPACE std
| #define restrict __restrict
| #define TIME_WITH_SYS_TIME 1
| #define HAVE_VISIBILITY 1
| #define HAVE_ASSERT_H 1
| /* end confdefs.h.  */
| #include <pthread.h>
| int
| main ()
| {
| pthread_t th; pthread_join(th, 0);
|                      pthread_attr_init(0); pthread_cleanup_push(0, 0);
|                      pthread_create(0,0,0,0); pthread_cleanup_pop(0);
|   ;
|   return 0;
| }
configure:20656: result: no
configure:20533: checking whether pthreads work with -pthread
configure:20626: gcc -std=gnu99 -o conftest  -pthread  -L/usr/local/lib conftest.c   >&5
configure:20633: $? = 0
configure:20656: result: yes
configure:20675: checking for joinable pthread attribute
configure:20700: gcc -std=gnu99 -o conftest  -pthread  -L/usr/local/lib conftest.c   >&5
configure:20707: $? = 0
configure:20727: result: PTHREAD_CREATE_JOINABLE
configure:20737: checking if more special flags are required for pthreads
configure:20744: result: no
configure:20835: checking for library containing getopt_long
configure:20876: gcc -std=gnu99 -o conftest -pthread   -L/usr/local/lib conftest.c   >&5
configure:20883: $? = 0
configure:20914: result: none required
configure:20922: checking for library containing socket
configure:20963: gcc -std=gnu99 -o conftest -pthread   -L/usr/local/lib conftest.c   >&5
configure:20970: $? = 0
configure:21001: result: none required
configure:21009: checking for library containing gethostbyname
configure:21050: gcc -std=gnu99 -o conftest -pthread   -L/usr/local/lib conftest.c   >&5
configure:21057: $? = 0
configure:21088: result: none required
configure:21124: gcc -std=gnu99 -o conftest -pthread   -L/usr/local/lib conftest.c   -lm >&5
conftest.c: In function 'main':
conftest.c:47: warning: implicit declaration of function 'floorf'
conftest.c:47: warning: incompatible implicit declaration of built-in function 'floorf'
configure:21131: $? = 0
configure:21154: checking for library containing floorf
configure:21195: gcc -std=gnu99 -o conftest -pthread   -L/usr/local/lib conftest.c   >&5
conftest.c:47: warning: conflicting types for built-in function 'floorf'
/tmp/ccMOq41e.o: In function `main':
conftest.c:(.text+0xa): undefined reference to `floorf'
collect2: ld returned 1 exit status
configure:21202: $? = 1
configure: failed program was:
| /* confdefs.h.  */
| #define PACKAGE_NAME "libmemcached"
| #define PACKAGE_TARNAME "libmemcached"
| #define PACKAGE_VERSION "0.32"
| #define PACKAGE_STRING "libmemcached 0.32"
| #define PACKAGE_BUGREPORT "http://tangent.org/552/libmemcached.html"
| #define HAVE_SYS_TYPES_H 1
| #define HAVE_SYS_STAT_H 1
| #define HAVE_STDLIB_H 1
| #define HAVE_STRING_H 1
| #define HAVE_MEMORY_H 1
| #define HAVE_STRINGS_H 1
| #define HAVE_INTTYPES_H 1
| #define HAVE_STDINT_H 1
| #define HAVE_UNISTD_H 1
| #define __EXTENSIONS__ 1
| #define _ALL_SOURCE 1
| #define _GNU_SOURCE 1
| #define _POSIX_PTHREAD_SEMANTICS 1
| #define _TANDEM_SOURCE 1
| #define HAVE_DLFCN_H 1
| #define LT_OBJDIR ".libs/"
| #define HAVE_STDCXX_0X /**/
| #define HAVE_STDLIB_H 1
| #define HAVE_MALLOC 1
| #define HAVE_STDLIB_H 1
| #define HAVE_REALLOC 1
| #define PACKAGE "libmemcached"
| #define VERSION "0.32"
| #define STDCXX_98_HEADERS /**/
| #define HAVE_MEMORY 1
| #define HAVE_TR1_MEMORY 1
| #define SHARED_PTR_NAMESPACE std
| #define restrict __restrict
| #define TIME_WITH_SYS_TIME 1
| #define HAVE_VISIBILITY 1
| #define HAVE_ASSERT_H 1
| #define HAVE_PTHREAD 1
| /* end confdefs.h.  */
| 
| /* Override any GCC internal prototype to avoid an error.
|    Use char because int might match the return type of a GCC
|    builtin and then its argument prototype would still apply.  */
| #ifdef __cplusplus
| extern "C"
| #endif
| char floorf ();
| int
| main ()
| {
| return floorf ();
|   ;
|   return 0;
| }
configure:21195: gcc -std=gnu99 -o conftest -pthread   -L/usr/local/lib conftest.c -lm    >&5
conftest.c:47: warning: conflicting types for built-in function 'floorf'
configure:21202: $? = 0
configure:21233: result: -lm
configure:21243: checking for htonll
configure:21284: gcc -std=gnu99 -o conftest -pthread   -L/usr/local/lib conftest.c -lm   >&5
conftest.c: In function 'main':
conftest.c:50: warning: implicit declaration of function 'htonll'
/tmp/ccj8HgOn.o: In function `main':
conftest.c:(.text+0xf): undefined reference to `htonll'
collect2: ld returned 1 exit status
configure:21288: $? = 1
configure: program exited with status 1
configure: failed program was:
| 
|        /* confdefs.h.  */
| #define PACKAGE_NAME "libmemcached"
| #define PACKAGE_TARNAME "libmemcached"
| #define PACKAGE_VERSION "0.32"
| #define PACKAGE_STRING "libmemcached 0.32"
| #define PACKAGE_BUGREPORT "http://tangent.org/552/libmemcached.html"
| #define HAVE_SYS_TYPES_H 1
| #define HAVE_SYS_STAT_H 1
| #define HAVE_STDLIB_H 1
| #define HAVE_STRING_H 1
| #define HAVE_MEMORY_H 1
| #define HAVE_STRINGS_H 1
| #define HAVE_INTTYPES_H 1
| #define HAVE_STDINT_H 1
| #define HAVE_UNISTD_H 1
| #define __EXTENSIONS__ 1
| #define _ALL_SOURCE 1
| #define _GNU_SOURCE 1
| #define _POSIX_PTHREAD_SEMANTICS 1
| #define _TANDEM_SOURCE 1
| #define HAVE_DLFCN_H 1
| #define LT_OBJDIR ".libs/"
| #define HAVE_STDCXX_0X /**/
| #define HAVE_STDLIB_H 1
| #define HAVE_MALLOC 1
| #define HAVE_STDLIB_H 1
| #define HAVE_REALLOC 1
| #define PACKAGE "libmemcached"
| #define VERSION "0.32"
| #define STDCXX_98_HEADERS /**/
| #define HAVE_MEMORY 1
| #define HAVE_TR1_MEMORY 1
| #define SHARED_PTR_NAMESPACE std
| #define restrict __restrict
| #define TIME_WITH_SYS_TIME 1
| #define HAVE_VISIBILITY 1
| #define HAVE_ASSERT_H 1
| #define HAVE_PTHREAD 1
| /* end confdefs.h.  */
| 
| #include <sys/types.h>
| #include <netinet/in.h>
| #include <inttypes.h>
| 
| int
| main ()
| {
| 
|           return htonll(0);
| 
|   ;
|   return 0;
| }
| 
configure:21320: result: no
configure:21330: checking byteorder
configure:21373: gcc -std=gnu99 -o conftest -pthread   -L/usr/local/lib conftest.c -lm   >&5
configure:21377: $? = 0
configure:21383: ./conftest
configure:21387: $? = 1
configure: program exited with status 1
configure: failed program was:
| 
|        /* confdefs.h.  */
| #define PACKAGE_NAME "libmemcached"
| #define PACKAGE_TARNAME "libmemcached"
| #define PACKAGE_VERSION "0.32"
| #define PACKAGE_STRING "libmemcached 0.32"
| #define PACKAGE_BUGREPORT "http://tangent.org/552/libmemcached.html"
| #define HAVE_SYS_TYPES_H 1
| #define HAVE_SYS_STAT_H 1
| #define HAVE_STDLIB_H 1
| #define HAVE_STRING_H 1
| #define HAVE_MEMORY_H 1
| #define HAVE_STRINGS_H 1
| #define HAVE_INTTYPES_H 1
| #define HAVE_STDINT_H 1
| #define HAVE_UNISTD_H 1
| #define __EXTENSIONS__ 1
| #define _ALL_SOURCE 1
| #define _GNU_SOURCE 1
| #define _POSIX_PTHREAD_SEMANTICS 1
| #define _TANDEM_SOURCE 1
| #define HAVE_DLFCN_H 1
| #define LT_OBJDIR ".libs/"
| #define HAVE_STDCXX_0X /**/
| #define HAVE_STDLIB_H 1
| #define HAVE_MALLOC 1
| #define HAVE_STDLIB_H 1
| #define HAVE_REALLOC 1
| #define PACKAGE "libmemcached"
| #define VERSION "0.32"
| #define STDCXX_98_HEADERS /**/
| #define HAVE_MEMORY 1
| #define HAVE_TR1_MEMORY 1
| #define SHARED_PTR_NAMESPACE std
| #define restrict __restrict
| #define TIME_WITH_SYS_TIME 1
| #define HAVE_VISIBILITY 1
| #define HAVE_ASSERT_H 1
| #define HAVE_PTHREAD 1
| /* end confdefs.h.  */
| 
| #include <sys/types.h>
| #include <netinet/in.h>
| #include <inttypes.h>
| 
| int
| main ()
| {
| 
| if (htonl(5) != 5) {
|    return 1;
| }
| 
|   ;
|   return 0;
| }
| 
configure:21405: result: little endian
configure:21509: gcc -std=gnu99 -o conftest -pthread   -L/usr/local/lib conftest.c -lm   >&5
configure:21513: $? = 0
configure:21519: ./conftest
configure:21523: $? = 0
configure:21593: gcc -std=gnu99 -o conftest -pthread   -L/usr/local/lib conftest.c -lm   >&5
configure:21597: $? = 0
configure:21603: ./conftest
configure:21607: $? = 0
configure:21662: checking for pod2man
configure:21681: found /usr/bin/pod2man
configure:21694: result: /usr/bin/pod2man
configure:21756: gcc -std=gnu99 -o conftest -pthread  -I.  -L/usr/local/lib conftest.c -lm   >&5
configure:21760: $? = 0
configure:21766: ./conftest
configure:21770: $? = 0
configure:21823: checking for memcached
configure:21841: found /usr/bin/memcached
configure:21854: result: /usr/bin/memcached
configure:22074: creating ./config.status

## ---------------------- ##
## Running config.status. ##
## ---------------------- ##

This file was extended by libmemcached config.status 0.32, which was
generated by GNU Autoconf 2.63.  Invocation command line was

  CONFIG_FILES    = 
  CONFIG_HEADERS  = 
  CONFIG_LINKS    = 
  CONFIG_COMMANDS = 
  $ ./config.status 

on localhost.localdomain

config.status:1126: creating Makefile
config.status:1126: creating clients/Makefile
config.status:1126: creating tests/Makefile
config.status:1126: creating docs/Makefile
config.status:1126: creating libmemcached/Makefile
config.status:1126: creating libmemcached/memcached_configure.h
config.status:1126: creating libmemcachedutil/Makefile
config.status:1126: creating support/Makefile
config.status:1126: creating support/libmemcached.pc
config.status:1126: creating support/libmemcached.spec
config.status:1126: creating support/libmemcached-fc.spec
config.status:1126: creating config.h
config.status:1400: executing depfiles commands
config.status:1400: executing libtool commands

## ---------------- ##
## Cache variables. ##
## ---------------- ##

ac_cv_assert=yes
ac_cv_build=x86_64-unknown-linux-gnu
ac_cv_building_from_bzr=no
ac_cv_building_from_hg=no
ac_cv_building_from_svn=no
ac_cv_building_from_vc=no
ac_cv_c_bigendian=no
ac_cv_c_compiler_gnu=yes
ac_cv_c_const=yes
ac_cv_c_inline=inline
ac_cv_c_restrict=__restrict
ac_cv_c_volatile=yes
ac_cv_cxx_compile_cxx0x_cxx=yes
ac_cv_cxx_compile_cxx0x_gxx=yes
ac_cv_cxx_compile_cxx0x_native=no
ac_cv_cxx_compiler_gnu=yes
ac_cv_cxx_stdcxx_98=yes
ac_cv_enable_dtrace=no
ac_cv_enable_hsieh_hash=no
ac_cv_env_CCC_set=
ac_cv_env_CCC_value=
ac_cv_env_CC_set=
ac_cv_env_CC_value=
ac_cv_env_CFLAGS_set=
ac_cv_env_CFLAGS_value=
ac_cv_env_CPPFLAGS_set=
ac_cv_env_CPPFLAGS_value=
ac_cv_env_CPP_set=
ac_cv_env_CPP_value=
ac_cv_env_CXXCPP_set=
ac_cv_env_CXXCPP_value=
ac_cv_env_CXXFLAGS_set=
ac_cv_env_CXXFLAGS_value=
ac_cv_env_CXX_set=
ac_cv_env_CXX_value=
ac_cv_env_LDFLAGS_set=
ac_cv_env_LDFLAGS_value=
ac_cv_env_LIBS_set=
ac_cv_env_LIBS_value=
ac_cv_env_build_alias_set=
ac_cv_env_build_alias_value=
ac_cv_env_host_alias_set=
ac_cv_env_host_alias_value=
ac_cv_env_target_alias_set=
ac_cv_env_target_alias_value=
ac_cv_func_malloc_0_nonnull=yes
ac_cv_func_realloc_0_nonnull=yes
ac_cv_have_decl___ICC=no
ac_cv_have_decl___SUNPRO_C=no
ac_cv_header_assert_h=yes
ac_cv_header_boost_shared_ptr_hpp=no
ac_cv_header_dlfcn_h=yes
ac_cv_header_inttypes_h=yes
ac_cv_header_memory=yes
ac_cv_header_memory_h=yes
ac_cv_header_minix_config_h=no
ac_cv_header_stdc=no
ac_cv_header_stdint_h=yes
ac_cv_header_stdlib_h=yes
ac_cv_header_string_h=yes
ac_cv_header_strings_h=yes
ac_cv_header_sys_stat_h=yes
ac_cv_header_sys_types_h=yes
ac_cv_header_time=yes
ac_cv_header_tr1_memory=yes
ac_cv_header_unistd_h=yes
ac_cv_host=x86_64-unknown-linux-gnu
ac_cv_objext=o
ac_cv_path_EGREP='/bin/grep -E'
ac_cv_path_FGREP='/bin/grep -F'
ac_cv_path_GREP=/bin/grep
ac_cv_path_MEMC_BINARY=/usr/bin/memcached
ac_cv_path_POD2MAN=/usr/bin/pod2man
ac_cv_path_SED=/bin/sed
ac_cv_path_install='/usr/bin/install -c'
ac_cv_path_mkdir=/bin/mkdir
ac_cv_prog_AWK=gawk
ac_cv_prog_CPP='gcc -E'
ac_cv_prog_CXXCPP='g++ -E'
ac_cv_prog_DOXYGEN=doxygen
ac_cv_prog_PERL=perl
ac_cv_prog_ac_ct_AR=ar
ac_cv_prog_ac_ct_CC=gcc
ac_cv_prog_ac_ct_CXX=g++
ac_cv_prog_ac_ct_OBJDUMP=objdump
ac_cv_prog_ac_ct_RANLIB=ranlib
ac_cv_prog_ac_ct_STRIP=strip
ac_cv_prog_cc_c89=
ac_cv_prog_cc_g=yes
ac_cv_prog_cc_gcc_c_o=yes
ac_cv_prog_cxx_g=yes
ac_cv_prog_make_make_set=yes
ac_cv_safe_to_define___extensions__=yes
ac_cv_safe_to_use_Wconversion_=yes
ac_cv_safe_to_use_Wlogical_op_=yes
ac_cv_safe_to_use_Wmissing_declarations_=yes
ac_cv_safe_to_use_Wredundant_decls_=yes
ac_cv_safe_to_use_fdiagnostics_show_option_=yes
ac_cv_safe_to_use_wconversion_=yes
ac_cv_search_floorf=-lm
ac_cv_search_gethostbyname='none required'
ac_cv_search_getopt_long='none required'
ac_cv_search_socket='none required'
ac_cv_shared_ptr_namespace=std
ac_cv_sys_file_offset_bits=no
ac_cv_sys_largefile_CC=no
ac_cv_target=x86_64-unknown-linux-gnu
ac_cv_type_size_t=yes
ac_cv_warnings_as_errors=no
ac_cv_with_memcached=memcached
am_cv_CC_dependencies_compiler_type=gcc3
am_cv_CXX_dependencies_compiler_type=gcc3
gl_cv_cc_visibility=yes
lt_cv_deplibs_check_method=pass_all
lt_cv_file_magic_cmd='$MAGIC_CMD'
lt_cv_file_magic_test_file=
lt_cv_ld_reload_flag=-r
lt_cv_nm_interface='BSD nm'
lt_cv_objdir=.libs
lt_cv_path_LD=/usr/bin/ld
lt_cv_path_LDCXX='/usr/bin/ld -m elf_x86_64'
lt_cv_path_NM='/usr/bin/nm -B'
lt_cv_prog_compiler_c_o=yes
lt_cv_prog_compiler_c_o_CXX=yes
lt_cv_prog_compiler_pic_works=yes
lt_cv_prog_compiler_pic_works_CXX=yes
lt_cv_prog_compiler_rtti_exceptions=no
lt_cv_prog_compiler_static_works=no
lt_cv_prog_compiler_static_works_CXX=no
lt_cv_prog_gnu_ld=yes
lt_cv_prog_gnu_ldcxx=yes
lt_cv_sys_global_symbol_pipe='sed -n -e '\''s/^.*[	 ]\([ABCDGIRSTW][ABCDGIRSTW]*\)[	 ][	 ]*\([_A-Za-z][_A-Za-z0-9]*\)$/\1 \2 \2/p'\'''
lt_cv_sys_global_symbol_to_c_name_address='sed -n -e '\''s/^: \([^ ]*\) $/  {\"\1\", (void *) 0},/p'\'' -e '\''s/^[ABCDGIRSTW]* \([^ ]*\) \([^ ]*\)$/  {"\2", (void *) \&\2},/p'\'''
lt_cv_sys_global_symbol_to_c_name_address_lib_prefix='sed -n -e '\''s/^: \([^ ]*\) $/  {\"\1\", (void *) 0},/p'\'' -e '\''s/^[ABCDGIRSTW]* \([^ ]*\) \(lib[^ ]*\)$/  {"\2", (void *) \&\2},/p'\'' -e '\''s/^[ABCDGIRSTW]* \([^ ]*\) \([^ ]*\)$/  {"lib\2", (void *) \&\2},/p'\'''
lt_cv_sys_global_symbol_to_cdecl='sed -n -e '\''s/^T .* \(.*\)$/extern int \1();/p'\'' -e '\''s/^[ABCDGIRSTW]* .* \(.*\)$/extern char \1;/p'\'''
lt_cv_sys_max_cmd_len=1966080

## ----------------- ##
## Output variables. ##
## ----------------- ##

ACLOCAL='${SHELL} /mydisk/workspace/blog_project1/blog_project1/libmemcached-0.32/config/missing --run aclocal-1.11'
AMDEPBACKSLASH='\'
AMDEP_FALSE='#'
AMDEP_TRUE=''
AMTAR='${SHELL} /mydisk/workspace/blog_project1/blog_project1/libmemcached-0.32/config/missing --run tar'
AM_CFLAGS=' -O3  -pedantic -Wall -Wextra -Wundef -Wshadow  -fdiagnostics-show-option -fvisibility=hidden -Wformat=2 -Wconversion -Wstrict-aliasing -Wstrict-prototypes -Wmissing-prototypes -Wredundant-decls -Wmissing-declarations -Wcast-align -Wswitch-default -Wswitch-enum -Wwrite-strings -Wlogical-op   '
AM_CPPFLAGS='-I${top_srcdir} -I${top_builddir} -ggdb3 '
AM_CXXFLAGS=' -O3  -pedantic -Wall -Wextra -Wundef -Wshadow  -fdiagnostics-show-option -fvisibility=hidden -Wformat=2 -Wconversion -Wstrict-aliasing -Woverloaded-virtual -Wnon-virtual-dtor -Wctor-dtor-privacy -Wno-long-long -Weffc++ -Wold-style-cast -Wmissing-declarations -Wredundant-decls   '
AR='ar'
AUTOCONF='${SHELL} /mydisk/workspace/blog_project1/blog_project1/libmemcached-0.32/config/missing --run autoconf'
AUTOHEADER='${SHELL} /mydisk/workspace/blog_project1/blog_project1/libmemcached-0.32/config/missing --run autoheader'
AUTOMAKE='${SHELL} /mydisk/workspace/blog_project1/blog_project1/libmemcached-0.32/config/missing --run automake-1.11'
AWK='gawk'
BETTER_MALLOC_LIBS=''
BUILD_BYTEORDER_FALSE='#'
BUILD_BYTEORDER_TRUE=''
BUILD_LIBMEMCACHEDUTIL_FALSE='#'
BUILD_LIBMEMCACHEDUTIL_TRUE=''
CC='gcc -std=gnu99'
CCDEPMODE='depmode=gcc3'
CC_VERSION='gcc (GCC) 4.4.7 20120313 (Red Hat 4.4.7-4)'
CFLAGS='-pthread '
CFLAG_VISIBILITY='-fvisibility=hidden'
CPP='gcc -E'
CPPFLAGS=''
CXX='g++'
CXXCPP='g++ -E'
CXXDEPMODE='depmode=gcc3'
CXXFLAGS='-std=gnu++0x '
CXX_VERSION='g++ (GCC) 4.4.7 20120313 (Red Hat 4.4.7-4)'
CYGPATH_W='echo'
DEFS='-DHAVE_CONFIG_H'
DEPDIR='.deps'
DEPRECATED=''
DOXYGEN='doxygen'
DSYMUTIL=''
DTRACE=''
DTRACEFLAGS=''
DTRACE_NEEDS_OBJECTS_FALSE=''
DTRACE_NEEDS_OBJECTS_TRUE='#'
DUMPBIN=''
ECHO_C=''
ECHO_N='-n'
ECHO_T=''
EGREP='/bin/grep -E'
EXEEXT=''
FGREP='/bin/grep -F'
GREP='/bin/grep'
HAVE_DTRACE_FALSE=''
HAVE_DTRACE_TRUE='#'
HAVE_VISIBILITY='1'
INCLUDE_HSIEH_SRC_FALSE=''
INCLUDE_HSIEH_SRC_TRUE='#'
INSTALL_DATA='${INSTALL} -m 644'
INSTALL_PROGRAM='${INSTALL}'
INSTALL_SCRIPT='${INSTALL}'
INSTALL_STRIP_PROGRAM='$(install_sh) -c -s'
ISAINFO='no'
LD='/usr/bin/ld -m elf_x86_64'
LDFLAGS='-L/usr/local/lib'
LD_UTIL_VERSION_SCRIPT='-Wl,--version-script=$(top_srcdir)/libmemcachedutil/libmemcachedutil.ver'
LD_VERSION_SCRIPT='-Wl,--version-script=$(top_srcdir)/libmemcached/libmemcached.ver'
LIBC_P=''
LIBM=''
LIBOBJS=''
LIBS='-lm  '
LIBTOOL='$(SHELL) $(top_builddir)/libtool'
LIPO=''
LN_S='ln -s'
LTLIBOBJS=''
MAKEINFO='${SHELL} /mydisk/workspace/blog_project1/blog_project1/libmemcached-0.32/config/missing --run makeinfo'
MEMCACHEDUTIL_LIBRARY_VERSION='0:0:0'
MEMCACHED_LIBRARY_VERSION='2:0:0'
MEMC_BINARY='/usr/bin/memcached'
MKDIR_P='/bin/mkdir -p'
NM='/usr/bin/nm -B'
NMEDIT=''
NO_CONVERSION=''
NO_REDUNDANT_DECLS='-Wno-redundant-decls'
NO_SHADOW='-Wno-shadow'
NO_STRICT_ALIASING='-fno-strict-aliasing -Wno-strict-aliasing'
NO_UNREACHED=''
OBJDUMP='objdump'
OBJEXT='o'
OTOOL64=''
OTOOL=''
PACKAGE='libmemcached'
PACKAGE_BUGREPORT='http://tangent.org/552/libmemcached.html'
PACKAGE_NAME='libmemcached'
PACKAGE_STRING='libmemcached 0.32'
PACKAGE_TARNAME='libmemcached'
PACKAGE_VERSION='0.32'
PATH_SEPARATOR=':'
PERL='perl'
POD2MAN='/usr/bin/pod2man'
PROTOSKIP_WARNINGS='-Wno-effc++ -Wno-shadow'
PTHREAD_CC='gcc -std=gnu99'
PTHREAD_CFLAGS='-pthread'
PTHREAD_LIBS=''
RANLIB='ranlib'
SED='/bin/sed'
SET_MAKE=''
SHELL='/bin/sh'
STRIP='strip'
VERSION='0.32'
ac_ct_CC='gcc'
ac_ct_CXX='g++'
ac_ct_DUMPBIN=''
acx_pthread_config=''
am__EXEEXT_FALSE=''
am__EXEEXT_TRUE='#'
am__fastdepCC_FALSE='#'
am__fastdepCC_TRUE=''
am__fastdepCXX_FALSE='#'
am__fastdepCXX_TRUE=''
am__include='include'
am__isrc=''
am__leading_dot='.'
am__quote=''
am__tar='${AMTAR} chof - "$$tardir"'
am__untar='${AMTAR} xf -'
bindir='${exec_prefix}/bin'
build='x86_64-unknown-linux-gnu'
build_alias=''
build_cpu='x86_64'
build_os='linux-gnu'
build_vendor='unknown'
datadir='${datarootdir}'
datarootdir='${prefix}/share'
docdir='${datarootdir}/doc/${PACKAGE_TARNAME}'
dvidir='${docdir}'
exec_prefix='${prefix}'
host='x86_64-unknown-linux-gnu'
host_alias=''
host_cpu='x86_64'
host_os='linux-gnu'
host_vendor='unknown'
htmldir='${docdir}'
includedir='${prefix}/include'
infodir='${datarootdir}/info'
install_sh='${SHELL} /mydisk/workspace/blog_project1/blog_project1/libmemcached-0.32/config/install-sh'
libdir='${exec_prefix}/lib'
libexecdir='${exec_prefix}/libexec'
localedir='${datarootdir}/locale'
localstatedir='${prefix}/var'
lt_ECHO='echo'
mandir='${datarootdir}/man'
mkdir_p='/bin/mkdir -p'
oldincludedir='/usr/include'
pdfdir='${docdir}'
prefix='/usr/local'
program_transform_name='s,x,x,'
psdir='${docdir}'
sbindir='${exec_prefix}/sbin'
sharedstatedir='${prefix}/com'
sysconfdir='${prefix}/etc'
target='x86_64-unknown-linux-gnu'
target_alias=''
target_cpu='x86_64'
target_os='linux-gnu'
target_vendor='unknown'

## ----------- ##
## confdefs.h. ##
## ----------- ##

#define PACKAGE_NAME "libmemcached"
#define PACKAGE_TARNAME "libmemcached"
#define PACKAGE_VERSION "0.32"
#define PACKAGE_STRING "libmemcached 0.32"
#define PACKAGE_BUGREPORT "http://tangent.org/552/libmemcached.html"
#define HAVE_SYS_TYPES_H 1
#define HAVE_SYS_STAT_H 1
#define HAVE_STDLIB_H 1
#define HAVE_STRING_H 1
#define HAVE_MEMORY_H 1
#define HAVE_STRINGS_H 1
#define HAVE_INTTYPES_H 1
#define HAVE_STDINT_H 1
#define HAVE_UNISTD_H 1
#define __EXTENSIONS__ 1
#define _ALL_SOURCE 1
#define _GNU_SOURCE 1
#define _POSIX_PTHREAD_SEMANTICS 1
#define _TANDEM_SOURCE 1
#define HAVE_DLFCN_H 1
#define LT_OBJDIR ".libs/"
#define HAVE_STDCXX_0X /**/
#define HAVE_STDLIB_H 1
#define HAVE_MALLOC 1
#define HAVE_STDLIB_H 1
#define HAVE_REALLOC 1
#define PACKAGE "libmemcached"
#define VERSION "0.32"
#define STDCXX_98_HEADERS /**/
#define HAVE_MEMORY 1
#define HAVE_TR1_MEMORY 1
#define SHARED_PTR_NAMESPACE std
#define restrict __restrict
#define TIME_WITH_SYS_TIME 1
#define HAVE_VISIBILITY 1
#define HAVE_ASSERT_H 1
#define HAVE_PTHREAD 1
#define BYTEORDER_LITTLE_ENDIAN 1
#define HAVE_LIBMEMCACHEDUTIL 1
#define HAVE_SNDTIMEO 1
#define HAVE_RCVTIMEO 1
#define MEMCACHED_BINARY "/usr/bin/memcached"

configure: exit 0
